-------------------------------------------------------------------------------
Test set: gov.uscourts.ao.mobileBriefcase.runners.iOS_BriefcaseRunner
-------------------------------------------------------------------------------
Tests run: 5, Failures: 0, Errors: 3, Skipped: 2, Time elapsed: 115.775 s <<< FAILURE! - in gov.uscourts.ao.mobileBriefcase.runners.iOS_BriefcaseRunner
Then I select a user(| CMKA | 14-2283 | 32 | noargcs | Colloton | Steven |)  Time elapsed: 0.005 s  <<< ERROR!
java.lang.IllegalArgumentException: Can not set io.appium.java_client.MobileElement field gov.uscourts.ao.mobileBriefcase.Pages.JenieLoginPage.production to org.openqa.selenium.remote.RemoteWebElement$$EnhancerByCGLIB$$d27c0df4

| CMKA | 14-2283 | 32 | noargcs | Colloton | Steven |  Time elapsed: 0.006 s  <<< ERROR!
java.lang.IllegalArgumentException: Can not set io.appium.java_client.MobileElement field gov.uscourts.ao.mobileBriefcase.Pages.JenieLoginPage.production to org.openqa.selenium.remote.RemoteWebElement$$EnhancerByCGLIB$$d27c0df4

| CMKA | 14-2283 | 32 | noargcs | Colloton | Steven |  Time elapsed: 0.037 s  <<< ERROR!
java.lang.NullPointerException

